10:56:52.006 [main] INFO  testCases.TC_002LoginTest - --------verifying myaccount page  -------
10:59:45.095 [main] INFO  testCases.TC_002LoginTest - -------welcome to login testpage verifying login 
10:59:45.097 [main] INFO  testCases.TC_002LoginTest - --------verifying homepage -------
10:59:45.342 [main] INFO  testCases.TC_002LoginTest - ---------verifying login ---------
10:59:45.760 [main] INFO  testCases.TC_002LoginTest - --------verifying myaccount page  -------
11:03:55.134 [main] INFO  testCases.TC_002LoginTest - -------welcome to login testpage verifying login 
11:03:55.135 [main] INFO  testCases.TC_002LoginTest - --------verifying homepage -------
11:03:55.406 [main] INFO  testCases.TC_002LoginTest - ---------verifying login ---------
11:03:55.544 [main] INFO  testCases.TC_002LoginTest - --------verifying myaccount page  -------
11:07:12.279 [main] INFO  testCases.TC_001RegistrationTest -  welcome to login registration page
11:07:12.281 [main] INFO  testCases.TC_001RegistrationTest -  welcome to HOME PAGE  
11:07:12.342 [main] INFO  testCases.TC_001RegistrationTest -  ---- click my MYACCOUNT ------
11:07:12.579 [main] INFO  testCases.TC_001RegistrationTest -  ---- click my REGISTERACCOUNTPAGE ------ 
11:07:13.636 [main] INFO  testCases.TC_001RegistrationTest -  ---- COMPLETED THE REGISTARTION ACCOUNT FINALLY-------   
12:15:35.910 [main] INFO  testCases.TC_002LoginTest - --------verifying homepage -------
12:15:36.141 [main] INFO  testCases.TC_002LoginTest - ---------verifying login ---------
12:16:10.723 [main] INFO  testCases.TC_002LoginTest - --------verifying homepage -------
12:16:10.976 [main] INFO  testCases.TC_002LoginTest - ---------verifying login ---------
12:51:33.818 [main] INFO  testCases.TC_001RegistrationTest -  welcome to login registration page
12:51:33.820 [main] INFO  testCases.TC_001RegistrationTest -  welcome to HOME PAGE  
12:51:33.907 [main] INFO  testCases.TC_001RegistrationTest -  ---- click my MYACCOUNT ------
12:51:34.182 [main] INFO  testCases.TC_001RegistrationTest -  ---- click my REGISTERACCOUNTPAGE ------ 
12:51:35.083 [main] INFO  testCases.TC_001RegistrationTest -  ---- COMPLETED THE REGISTARTION ACCOUNT FINALLY-------   
12:51:36.361 [main] INFO  testCases.TC_002LoginTest - --------verifying homepage -------
12:51:36.587 [main] INFO  testCases.TC_002LoginTest - ---------verifying login ---------
12:52:52.491 [main] INFO  testCases.TC_001RegistrationTest -  welcome to login registration page
12:52:52.493 [main] INFO  testCases.TC_001RegistrationTest -  welcome to HOME PAGE  
12:52:52.554 [main] INFO  testCases.TC_001RegistrationTest -  ---- click my MYACCOUNT ------
12:52:52.790 [main] INFO  testCases.TC_001RegistrationTest -  ---- click my REGISTERACCOUNTPAGE ------ 
12:52:53.736 [main] INFO  testCases.TC_001RegistrationTest -  ---- COMPLETED THE REGISTARTION ACCOUNT FINALLY-------   
12:52:55.010 [main] INFO  testCases.TC_002LoginTest - --------verifying homepage -------
12:52:55.244 [main] INFO  testCases.TC_002LoginTest - ---------verifying login ---------
12:53:40.639 [main] INFO  testCases.TC_001RegistrationTest -  welcome to login registration page
12:53:40.641 [main] INFO  testCases.TC_001RegistrationTest -  welcome to HOME PAGE  
12:53:40.705 [main] INFO  testCases.TC_001RegistrationTest -  ---- click my MYACCOUNT ------
12:53:40.945 [main] INFO  testCases.TC_001RegistrationTest -  ---- click my REGISTERACCOUNTPAGE ------ 
12:53:41.836 [main] INFO  testCases.TC_001RegistrationTest -  ---- COMPLETED THE REGISTARTION ACCOUNT FINALLY-------   
12:53:43.312 [main] INFO  testCases.TC_002LoginTest - --------verifying homepage -------
12:53:43.529 [main] INFO  testCases.TC_002LoginTest - ---------verifying login ---------
12:59:13.833 [main] INFO  testCases.TC_001RegistrationTest -  welcome to login registration page
12:59:13.835 [main] INFO  testCases.TC_001RegistrationTest -  welcome to HOME PAGE  
12:59:13.898 [main] INFO  testCases.TC_001RegistrationTest -  ---- click my MYACCOUNT ------
12:59:14.137 [main] INFO  testCases.TC_001RegistrationTest -  ---- click my REGISTERACCOUNTPAGE ------ 
12:59:15.076 [main] INFO  testCases.TC_001RegistrationTest -  ---- COMPLETED THE REGISTARTION ACCOUNT FINALLY-------   
12:59:16.272 [main] INFO  testCases.TC_002LoginTest - --------verifying homepage -------
12:59:16.481 [main] INFO  testCases.TC_002LoginTest - ---------verifying login ---------
